#
# There is insufficient memory for the Java Runtime Environment to continue.
# Native memory allocation (mmap) failed to map 65536 bytes for Failed to commit metaspace.
# Possible reasons:
#   The system is out of physical RAM or swap space
#   The process is running with CompressedOops enabled, and the Java Heap may be blocking the growth of the native heap
# Possible solutions:
#   Reduce memory load on the system
#   Increase physical memory or swap space
#   Check if swap backing store is full
#   Decrease Java heap size (-Xmx/-Xms)
#   Decrease number of Java threads
#   Decrease Java thread stack sizes (-Xss)
#   Set larger code cache with -XX:ReservedCodeCacheSize=
#   JVM is running with Unscaled Compressed Oops mode in which the Java heap is
#     placed in the first 4GB address space. The Java Heap base address is the
#     maximum limit for the native heap growth. Please use -XX:HeapBaseMinAddress
#     to set the Java Heap base and to place the Java Heap above 4GB virtual address.
# This output file may be truncated or incomplete.
#
#  Out of Memory Error (virtualSpaceNode.cpp:110), pid=12204, tid=3324
#
# JRE version: OpenJDK Runtime Environment (17.0.6) (build 17.0.6+0-b2043.56-9586694)
# Java VM: OpenJDK 64-Bit Server VM (17.0.6+0-b2043.56-9586694, mixed mode, tiered, compressed oops, compressed class ptrs, g1 gc, windows-amd64)
# No core dump will be written. Minidumps are not enabled by default on client versions of Windows
#

---------------  S U M M A R Y ------------

Command Line: org.jetbrains.kotlin.cli.jvm.K2JVMCompiler @C:\Users\kayrat\StudioProjects\GeeksMentor\app\build\20230626_15135274735907818532.compiler.options

Host: AMD Ryzen 5 5500U with Radeon Graphics         , 12 cores, 7G,  Windows 11 , 64 bit Build 22621 (10.0.22621.1778)
Time: Mon Jun 26 03:45:13 2023  Windows 11 , 64 bit Build 22621 (10.0.22621.1778) elapsed time: 2.736783 seconds (0d 0h 0m 2s)

---------------  T H R E A D  ---------------

Current thread (0x000001a1bbe57980):  JavaThread "main" [_thread_in_vm, id=3324, stack(0x000000073cd00000,0x000000073ce00000)]

Stack: [0x000000073cd00000,0x000000073ce00000]
Native frames: (J=compiled Java code, j=interpreted, Vv=VM code, C=native code)
V  [jvm.dll+0x683b4a]
V  [jvm.dll+0x842654]
V  [jvm.dll+0x843dfe]
V  [jvm.dll+0x844463]
V  [jvm.dll+0x249b75]
V  [jvm.dll+0x83e6ab]
V  [jvm.dll+0x627fa6]
V  [jvm.dll+0x1c194e]
V  [jvm.dll+0x62a8e1]
V  [jvm.dll+0x628946]
V  [jvm.dll+0x23e001]
V  [jvm.dll+0x1edae0]
V  [jvm.dll+0x1edf65]
V  [jvm.dll+0x1ee884]
V  [jvm.dll+0x1e3dcc]
V  [jvm.dll+0x547f8d]
V  [jvm.dll+0x7bd285]
V  [jvm.dll+0x7bd39e]
V  [jvm.dll+0x4117ca]
V  [jvm.dll+0x417949]
C  [java.dll+0x17ec]

Java frames: (J=compiled Java code, j=interpreted, Vv=VM code)
J 508  java.lang.ClassLoader.defineClass1(Ljava/lang/ClassLoader;Ljava/lang/String;[BIILjava/security/ProtectionDomain;Ljava/lang/String;)Ljava/lang/Class; java.base@17.0.6 (0 bytes) @ 0x000001a1c85e05db [0x000001a1c85e0520+0x00000000000000bb]
J 528 c1 java.lang.ClassLoader.defineClass(Ljava/lang/String;[BIILjava/security/ProtectionDomain;)Ljava/lang/Class; java.base@17.0.6 (43 bytes) @ 0x000001a1c0bddc44 [0x000001a1c0bdd900+0x0000000000000344]
J 497 c1 java.security.SecureClassLoader.defineClass(Ljava/lang/String;[BIILjava/security/CodeSource;)Ljava/lang/Class; java.base@17.0.6 (16 bytes) @ 0x000001a1c0bd1f8c [0x000001a1c0bd1ec0+0x00000000000000cc]
J 2100 c1 jdk.internal.loader.BuiltinClassLoader.defineClass(Ljava/lang/String;Ljdk/internal/loader/Resource;)Ljava/lang/Class; java.base@17.0.6 (121 bytes) @ 0x000001a1c0e8bddc [0x000001a1c0e8af00+0x0000000000000edc]
J 394 c1 jdk.internal.loader.BuiltinClassLoader.findClassOnClassPathOrNull(Ljava/lang/String;)Ljava/lang/Class; java.base@17.0.6 (64 bytes) @ 0x000001a1c0b881fc [0x000001a1c0b87180+0x000000000000107c]
J 2136 c2 jdk.internal.loader.BuiltinClassLoader.loadClassOrNull(Ljava/lang/String;Z)Ljava/lang/Class; java.base@17.0.6 (143 bytes) @ 0x000001a1c86a8928 [0x000001a1c86a8660+0x00000000000002c8]
J 3140 c2 java.lang.ClassLoader.loadClass(Ljava/lang/String;)Ljava/lang/Class; java.base@17.0.6 (7 bytes) @ 0x000001a1c870b39c [0x000001a1c870b340+0x000000000000005c]
v  ~StubRoutines::call_stub
J 3071  java.lang.Class.getDeclaredMethods0(Z)[Ljava/lang/reflect/Method; java.base@17.0.6 (0 bytes) @ 0x000001a1c8700edb [0x000001a1c8700ea0+0x000000000000003b]
J 1756 c1 java.lang.Class.privateGetDeclaredMethods(Z)[Ljava/lang/reflect/Method; java.base@17.0.6 (64 bytes) @ 0x000001a1c0df1554 [0x000001a1c0df13c0+0x0000000000000194]
J 3031 c1 java.lang.Class.privateGetPublicMethods()[Ljava/lang/reflect/Method; java.base@17.0.6 (224 bytes) @ 0x000001a1c1049364 [0x000001a1c1048fe0+0x0000000000000384]
j  java.lang.Class.getMethods()[Ljava/lang/reflect/Method;+19 java.base@17.0.6
J 3154 c1 org.jetbrains.kotlin.container.CacheKt.getSetterInfos(Ljava/lang/Class;)Ljava/util/List; (154 bytes) @ 0x000001a1c10a37bc [0x000001a1c10a35e0+0x00000000000001dc]
j  org.jetbrains.kotlin.container.CacheKt.traverseClass(Ljava/lang/Class;)Lorg/jetbrains/kotlin/container/ClassInfo;+9
J 3133 c1 org.jetbrains.kotlin.container.ClassTraversalCache.getClassInfo(Ljava/lang/Class;)Lorg/jetbrains/kotlin/container/ClassInfo; (43 bytes) @ 0x000001a1c10955c4 [0x000001a1c10950e0+0x00000000000004e4]
J 3132 c1 org.jetbrains.kotlin.container.CacheKt.getInfo(Ljava/lang/Class;)Lorg/jetbrains/kotlin/container/ClassInfo; (14 bytes) @ 0x000001a1c109496c [0x000001a1c10946a0+0x00000000000002cc]
j  org.jetbrains.kotlin.container.SingletonTypeComponentDescriptor.getDependencies(Lorg/jetbrains/kotlin/container/ValueResolveContext;)Ljava/util/Collection;+10
j  org.jetbrains.kotlin.container.ComponentStorage.collectAdhocComponents(Lorg/jetbrains/kotlin/container/ComponentResolveContext;Lorg/jetbrains/kotlin/container/ComponentDescriptor;Ljava/util/HashSet;Ljava/util/LinkedHashSet;)V+5
j  org.jetbrains.kotlin.container.ComponentStorage.collectAdhocComponents(Lorg/jetbrains/kotlin/container/ComponentResolveContext;Lorg/jetbrains/kotlin/container/ComponentDescriptor;Ljava/util/HashSet;Ljava/util/LinkedHashSet;)V+183
j  org.jetbrains.kotlin.container.ComponentStorage.collectAdhocComponents(Lorg/jetbrains/kotlin/container/ComponentResolveContext;Lorg/jetbrains/kotlin/container/ComponentDescriptor;Ljava/util/HashSet;Ljava/util/LinkedHashSet;)V+183
j  org.jetbrains.kotlin.container.ComponentStorage.collectAdhocComponents(Lorg/jetbrains/kotlin/container/ComponentResolveContext;Lorg/jetbrains/kotlin/container/ComponentDescriptor;Ljava/util/HashSet;Ljava/util/LinkedHashSet;)V+183
j  org.jetbrains.kotlin.container.ComponentStorage.collectAdhocComponents(Lorg/jetbrains/kotlin/container/ComponentResolveContext;Lorg/jetbrains/kotlin/container/ComponentDescriptor;Ljava/util/HashSet;Ljava/util/LinkedHashSet;)V+183
j  org.jetbrains.kotlin.container.ComponentStorage.collectAdhocComponents(Lorg/jetbrains/kotlin/container/ComponentResolveContext;Lorg/jetbrains/kotlin/container/ComponentDescriptor;Ljava/util/HashSet;Ljava/util/LinkedHashSet;)V+183
j  org.jetbrains.kotlin.container.ComponentStorage.collectAdhocComponents(Lorg/jetbrains/kotlin/container/ComponentResolveContext;Lorg/jetbrains/kotlin/container/ComponentDescriptor;Ljava/util/HashSet;Ljava/util/LinkedHashSet;)V+183
j  org.jetbrains.kotlin.container.ComponentStorage.inspectDependenciesAndRegisterAdhoc(Lorg/jetbrains/kotlin/container/ComponentResolveContext;Ljava/util/Collection;)Ljava/util/LinkedHashSet;+54
j  org.jetbrains.kotlin.container.ComponentStorage.composeDescriptors(Lorg/jetbrains/kotlin/container/ComponentResolveContext;Ljava/util/Collection;)V+21
j  org.jetbrains.kotlin.container.ComponentStorage.compose(Lorg/jetbrains/kotlin/container/ComponentResolveContext;)V+69
j  org.jetbrains.kotlin.container.StorageComponentContainer.compose()Lorg/jetbrains/kotlin/container/StorageComponentContainer;+8
j  org.jetbrains.kotlin.container.DslKt.composeContainer(Ljava/lang/String;Lorg/jetbrains/kotlin/container/StorageComponentContainer;Lkotlin/jvm/functions/Function1;)Lorg/jetbrains/kotlin/container/StorageComponentContainer;+31
j  org.jetbrains.kotlin.resolve.PlatformConfiguratorBaseKt.createContainer(Ljava/lang/String;Lorg/jetbrains/kotlin/resolve/PlatformDependentAnalyzerServices;Lkotlin/jvm/functions/Function1;)Lorg/jetbrains/kotlin/container/StorageComponentContainer;+29
j  org.jetbrains.kotlin.frontend.java.di.InjectionKt.createContainerForLazyResolveWithJava(Lorg/jetbrains/kotlin/platform/TargetPlatform;Lorg/jetbrains/kotlin/context/ModuleContext;Lorg/jetbrains/kotlin/resolve/BindingTrace;Lorg/jetbrains/kotlin/resolve/lazy/declarations/DeclarationProviderFactory;Lorg/jetbrains/kotlin/com/intellij/psi/search/GlobalSearchScope;Lorg/jetbrains/kotlin/load/java/lazy/ModuleClassResolver;Lorg/jetbrains/kotlin/resolve/TargetEnvironment;Lorg/jetbrains/kotlin/incremental/components/LookupTracker;Lorg/jetbrains/kotlin/incremental/components/ExpectActualTracker;Lorg/jetbrains/kotlin/incremental/components/InlineConstTracker;Lorg/jetbrains/kotlin/incremental/components/EnumWhenTracker;Lorg/jetbrains/kotlin/load/kotlin/PackagePartProvider;Lorg/jetbrains/kotlin/config/LanguageVersionSettings;ZLkotlin/jvm/functions/Function1;Lorg/jetbrains/kotlin/load/java/JavaClassesTracker;Lorg/jetbrains/kotlin/resolve/calls/tower/ImplicitsExtensionsResolutionFilter;Lorg/jetbrains/kotlin/resolve/SealedClassInheritorsProvider;)Lorg/jetbrains/kotlin/container/StorageComponentContainer;+144
j  org.jetbrains.kotlin.frontend.java.di.InjectionKt.createContainerForLazyResolveWithJava$default(Lorg/jetbrains/kotlin/platform/TargetPlatform;Lorg/jetbrains/kotlin/context/ModuleContext;Lorg/jetbrains/kotlin/resolve/BindingTrace;Lorg/jetbrains/kotlin/resolve/lazy/declarations/DeclarationProviderFactory;Lorg/jetbrains/kotlin/com/intellij/psi/search/GlobalSearchScope;Lorg/jetbrains/kotlin/load/java/lazy/ModuleClassResolver;Lorg/jetbrains/kotlin/resolve/TargetEnvironment;Lorg/jetbrains/kotlin/incremental/components/LookupTracker;Lorg/jetbrains/kotlin/incremental/components/ExpectActualTracker;Lorg/jetbrains/kotlin/incremental/components/InlineConstTracker;Lorg/jetbrains/kotlin/incremental/components/EnumWhenTracker;Lorg/jetbrains/kotlin/load/kotlin/PackagePartProvider;Lorg/jetbrains/kotlin/config/LanguageVersionSettings;ZLkotlin/jvm/functions/Function1;Lorg/jetbrains/kotlin/load/java/JavaClassesTracker;Lorg/jetbrains/kotlin/resolve/calls/tower/ImplicitsExtensionsResolutionFilter;Lorg/jetbrains/kotlin/resolve/SealedClassInheritorsProvider;ILjava/lang/Object;)Lorg/jetbrains/kotlin/container/StorageComponentContainer;+82
j  org.jetbrains.kotlin.cli.jvm.compiler.TopDownAnalyzerFacadeForJVM.createContainer(Lorg/jetbrains/kotlin/com/intellij/openapi/project/Project;Ljava/util/Collection;Lorg/jetbrains/kotlin/resolve/BindingTrace;Lorg/jetbrains/kotlin/config/CompilerConfiguration;Lkotlin/jvm/functions/Function1;Lkotlin/jvm/functions/Function2;Lorg/jetbrains/kotlin/resolve/TargetEnvironment;Lorg/jetbrains/kotlin/com/intellij/psi/search/GlobalSearchScope;Ljava/util/List;Lorg/jetbrains/kotlin/resolve/calls/tower/ImplicitsExtensionsResolutionFilter;Ljava/util/List;Ljava/util/List;Ljava/util/Map;)Lorg/jetbrains/kotlin/container/ComponentProvider;+668
j  org.jetbrains.kotlin.cli.jvm.compiler.TopDownAnalyzerFacadeForJVM.createContainer$default(Lorg/jetbrains/kotlin/cli/jvm/compiler/TopDownAnalyzerFacadeForJVM;Lorg/jetbrains/kotlin/com/intellij/openapi/project/Project;Ljava/util/Collection;Lorg/jetbrains/kotlin/resolve/BindingTrace;Lorg/jetbrains/kotlin/config/CompilerConfiguration;Lkotlin/jvm/functions/Function1;Lkotlin/jvm/functions/Function2;Lorg/jetbrains/kotlin/resolve/TargetEnvironment;Lorg/jetbrains/kotlin/com/intellij/psi/search/GlobalSearchScope;Ljava/util/List;Lorg/jetbrains/kotlin/resolve/calls/tower/ImplicitsExtensionsResolutionFilter;Ljava/util/List;Ljava/util/List;Ljava/util/Map;ILjava/lang/Object;)Lorg/jetbrains/kotlin/container/ComponentProvider;+128
j  org.jetbrains.kotlin.cli.jvm.compiler.TopDownAnalyzerFacadeForJVM.analyzeFilesWithJavaIntegration(Lorg/jetbrains/kotlin/com/intellij/openapi/project/Project;Ljava/util/Collection;Lorg/jetbrains/kotlin/resolve/BindingTrace;Lorg/jetbrains/kotlin/config/CompilerConfiguration;Lkotlin/jvm/functions/Function1;Lkotlin/jvm/functions/Function2;Lorg/jetbrains/kotlin/com/intellij/psi/search/GlobalSearchScope;Ljava/util/List;Ljava/util/List;Ljava/util/List;Lorg/jetbrains/kotlin/resolve/TargetEnvironment;)Lorg/jetbrains/kotlin/analyzer/AnalysisResult;+100
j  org.jetbrains.kotlin.cli.jvm.compiler.TopDownAnalyzerFacadeForJVM.analyzeFilesWithJavaIntegration$default(Lorg/jetbrains/kotlin/com/intellij/openapi/project/Project;Ljava/util/Collection;Lorg/jetbrains/kotlin/resolve/BindingTrace;Lorg/jetbrains/kotlin/config/CompilerConfiguration;Lkotlin/jvm/functions/Function1;Lkotlin/jvm/functions/Function2;Lorg/jetbrains/kotlin/com/intellij/psi/search/GlobalSearchScope;Ljava/util/List;Ljava/util/List;Ljava/util/List;Lorg/jetbrains/kotlin/resolve/TargetEnvironment;ILjava/lang/Object;)Lorg/jetbrains/kotlin/analyzer/AnalysisResult;+111
j  org.jetbrains.kotlin.cli.jvm.compiler.KotlinToJVMBytecodeCompiler$analyze$1.invoke()Lorg/jetbrains/kotlin/analyzer/AnalysisResult;+274
j  org.jetbrains.kotlin.cli.jvm.compiler.KotlinToJVMBytecodeCompiler$analyze$1.invoke()Ljava/lang/Object;+1
j  org.jetbrains.kotlin.cli.common.messages.AnalyzerWithCompilerReport.analyzeAndReport(Ljava/util/Collection;Lkotlin/jvm/functions/Function0;)V+16
j  org.jetbrains.kotlin.cli.jvm.compiler.KotlinToJVMBytecodeCompiler.analyze(Lorg/jetbrains/kotlin/cli/jvm/compiler/KotlinCoreEnvironment;)Lorg/jetbrains/kotlin/analyzer/AnalysisResult;+153
j  org.jetbrains.kotlin.cli.jvm.compiler.KotlinToJVMBytecodeCompiler.compileModules$cli(Lorg/jetbrains/kotlin/cli/jvm/compiler/KotlinCoreEnvironment;Ljava/io/File;Ljava/util/List;Z)Z+420
j  org.jetbrains.kotlin.cli.jvm.compiler.KotlinToJVMBytecodeCompiler.compileModules$cli$default(Lorg/jetbrains/kotlin/cli/jvm/compiler/KotlinToJVMBytecodeCompiler;Lorg/jetbrains/kotlin/cli/jvm/compiler/KotlinCoreEnvironment;Ljava/io/File;Ljava/util/List;ZILjava/lang/Object;)Z+17
j  org.jetbrains.kotlin.cli.jvm.K2JVMCompiler.doExecute(Lorg/jetbrains/kotlin/cli/common/arguments/K2JVMCompilerArguments;Lorg/jetbrains/kotlin/config/CompilerConfiguration;Lorg/jetbrains/kotlin/com/intellij/openapi/Disposable;Lorg/jetbrains/kotlin/utils/KotlinPaths;)Lorg/jetbrains/kotlin/cli/common/ExitCode;+1041
j  org.jetbrains.kotlin.cli.jvm.K2JVMCompiler.doExecute(Lorg/jetbrains/kotlin/cli/common/arguments/CommonCompilerArguments;Lorg/jetbrains/kotlin/config/CompilerConfiguration;Lorg/jetbrains/kotlin/com/intellij/openapi/Disposable;Lorg/jetbrains/kotlin/utils/KotlinPaths;)Lorg/jetbrains/kotlin/cli/common/ExitCode;+9
j  org.jetbrains.kotlin.cli.common.CLICompiler.execImpl(Lorg/jetbrains/kotlin/cli/common/messages/MessageCollector;Lorg/jetbrains/kotlin/config/Services;Lorg/jetbrains/kotlin/cli/common/arguments/CommonCompilerArguments;)Lorg/jetbrains/kotlin/cli/common/ExitCode;+219
j  org.jetbrains.kotlin.cli.common.CLICompiler.execImpl(Lorg/jetbrains/kotlin/cli/common/messages/MessageCollector;Lorg/jetbrains/kotlin/config/Services;Lorg/jetbrains/kotlin/cli/common/arguments/CommonToolArguments;)Lorg/jetbrains/kotlin/cli/common/ExitCode;+7
j  org.jetbrains.kotlin.cli.common.CLITool.exec(Lorg/jetbrains/kotlin/cli/common/messages/MessageCollector;Lorg/jetbrains/kotlin/config/Services;Lorg/jetbrains/kotlin/cli/common/arguments/CommonToolArguments;)Lorg/jetbrains/kotlin/cli/common/ExitCode;+76
j  org.jetbrains.kotlin.cli.common.CLITool.exec(Ljava/io/PrintStream;Lorg/jetbrains/kotlin/config/Services;Lorg/jetbrains/kotlin/cli/common/messages/MessageRenderer;[Ljava/lang/String;)Lorg/jetbrains/kotlin/cli/common/ExitCode;+224
j  org.jetbrains.kotlin.cli.common.CLITool.exec(Ljava/io/PrintStream;Lorg/jetbrains/kotlin/cli/common/messages/MessageRenderer;[Ljava/lang/String;)Lorg/jetbrains/kotlin/cli/common/ExitCode;+25
j  org.jetbrains.kotlin.cli.common.CLITool$Companion.doMainNoExit(Lorg/jetbrains/kotlin/cli/common/CLITool;[Ljava/lang/String;Lorg/jetbrains/kotlin/cli/common/messages/MessageRenderer;)Lorg/jetbrains/kotlin/cli/common/ExitCode;+39
j  org.jetbrains.kotlin.cli.common.CLITool$Companion.doMainNoExit$default(Lorg/jetbrains/kotlin/cli/common/CLITool$Companion;Lorg/jetbrains/kotlin/cli/common/CLITool;[Ljava/lang/String;Lorg/jetbrains/kotlin/cli/common/messages/MessageRenderer;ILjava/lang/Object;)Lorg/jetbrains/kotlin/cli/common/ExitCode;+16
j  org.jetbrains.kotlin.cli.common.CLITool$Companion.doMain(Lorg/jetbrains/kotlin/cli/common/CLITool;[Ljava/lang/String;)V+57
j  org.jetbrains.kotlin.cli.jvm.K2JVMCompiler$Companion.main([Ljava/lang/String;)V+20
j  org.jetbrains.kotlin.cli.jvm.K2JVMCompiler.main([Ljava/lang/String;)V+4
v  ~StubRoutines::call_stub

---------------  P R O C E S S  ---------------

Threads class SMR info:
_java_thread_list=0x000001a1da56c990, length=12, elements={
0x000001a1bbe57980, 0x000001a1d7a73230, 0x000001a1d7a74400, 0x000001a1d8436c00,
0x000001a1d84374c0, 0x000001a1d8437d80, 0x000001a1d8438640, 0x000001a1d842cb80,
0x000001a1d842d480, 0x000001a1d842dd80, 0x000001a1d85a7020, 0x000001a1d85ae750
}

Java Threads: ( => current thread )
=>0x000001a1bbe57980 JavaThread "main" [_thread_in_vm, id=3324, stack(0x000000073cd00000,0x000000073ce00000)]
  0x000001a1d7a73230 JavaThread "Reference Handler" daemon [_thread_blocked, id=10188, stack(0x000000073d400000,0x000000073d500000)]
  0x000001a1d7a74400 JavaThread "Finalizer" daemon [_thread_blocked, id=16324, stack(0x000000073d500000,0x000000073d600000)]
  0x000001a1d8436c00 JavaThread "Signal Dispatcher" daemon [_thread_blocked, id=14192, stack(0x000000073d600000,0x000000073d700000)]
  0x000001a1d84374c0 JavaThread "Attach Listener" daemon [_thread_blocked, id=12380, stack(0x000000073d700000,0x000000073d800000)]
  0x000001a1d8437d80 JavaThread "Service Thread" daemon [_thread_blocked, id=14932, stack(0x000000073d800000,0x000000073d900000)]
  0x000001a1d8438640 JavaThread "Monitor Deflation Thread" daemon [_thread_blocked, id=10880, stack(0x000000073d900000,0x000000073da00000)]
  0x000001a1d842cb80 JavaThread "C2 CompilerThread0" daemon [_thread_in_native, id=11500, stack(0x000000073da00000,0x000000073db00000)]
  0x000001a1d842d480 JavaThread "C1 CompilerThread0" daemon [_thread_blocked, id=14644, stack(0x000000073db00000,0x000000073dc00000)]
  0x000001a1d842dd80 JavaThread "Sweeper thread" daemon [_thread_blocked, id=5268, stack(0x000000073dc00000,0x000000073dd00000)]
  0x000001a1d85a7020 JavaThread "Notification Thread" daemon [_thread_blocked, id=15492, stack(0x000000073dd00000,0x000000073de00000)]
  0x000001a1d85ae750 JavaThread "Common-Cleaner" daemon [_thread_blocked, id=3204, stack(0x000000073df00000,0x000000073e000000)]

Other Threads:
  0x000001a1d7a6d360 VMThread "VM Thread" [stack: 0x000000073d300000,0x000000073d400000] [id=9788]
  0x000001a1bbec9120 WatcherThread [stack: 0x000000073de00000,0x000000073df00000] [id=6504]
  0x000001a1bbeb1b10 GCTaskThread "GC Thread#0" [stack: 0x000000073ce00000,0x000000073cf00000] [id=12904]
  0x000001a1d8be0340 GCTaskThread "GC Thread#1" [stack: 0x000000073e100000,0x000000073e200000] [id=7032]
  0x000001a1d8be6cd0 GCTaskThread "GC Thread#2" [stack: 0x000000073e200000,0x000000073e300000] [id=5052]
  0x000001a1d8be6f80 GCTaskThread "GC Thread#3" [stack: 0x000000073e300000,0x000000073e400000] [id=3600]
  0x000001a1d8c14010 GCTaskThread "GC Thread#4" [stack: 0x000000073e400000,0x000000073e500000] [id=12660]
  0x000001a1d9a6c4a0 GCTaskThread "GC Thread#5" [stack: 0x000000073e500000,0x000000073e600000] [id=15160]
  0x000001a1d9a6c750 GCTaskThread "GC Thread#6" [stack: 0x000000073e600000,0x000000073e700000] [id=9900]
  0x000001a1d99649d0 GCTaskThread "GC Thread#7" [stack: 0x000000073e700000,0x000000073e800000] [id=3348]
  0x000001a1d9964c80 GCTaskThread "GC Thread#8" [stack: 0x000000073e800000,0x000000073e900000] [id=2104]
  0x000001a1d99659f0 GCTaskThread "GC Thread#9" [stack: 0x000000073e900000,0x000000073ea00000] [id=15580]
  0x000001a1bbec24a0 ConcurrentGCThread "G1 Main Marker" [stack: 0x000000073cf00000,0x000000073d000000] [id=16328]
  0x000001a1bbec2f10 ConcurrentGCThread "G1 Conc#0" [stack: 0x000000073d000000,0x000000073d100000] [id=14792]
  0x000001a1d9965740 ConcurrentGCThread "G1 Conc#1" [stack: 0x000000073ea00000,0x000000073eb00000] [id=14752]
  0x000001a1d9964f30 ConcurrentGCThread "G1 Conc#2" [stack: 0x000000073eb00000,0x000000073ec00000] [id=4032]
  0x000001a1bbf1e970 ConcurrentGCThread "G1 Refine#0" [stack: 0x000000073d100000,0x000000073d200000] [id=3736]
  0x000001a1d78c94e0 ConcurrentGCThread "G1 Service" [stack: 0x000000073d200000,0x000000073d300000] [id=15028]

Threads with active compile tasks:
C2 CompilerThread0     2754 3151       4       java.lang.PublicMethods::merge (81 bytes)

VM state: not at safepoint (normal execution)

VM Mutex/Monitor currently owned by a thread:  ([mutex/lock_event])
[0x000001a1bbe50a80] Metaspace_lock - owner thread: 0x000001a1bbe57980

Heap address: 0x000000008a600000, size: 1882 MB, Compressed Oops mode: 32-bit

CDS archive(s) not mapped
Compressed class space mapped at: 0x0000000100000000-0x0000000140000000, reserved size: 1073741824
Narrow klass base: 0x0000000000000000, Narrow klass shift: 3, Narrow klass range: 0x140000000

GC Precious Log:
 CPUs: 12 total, 12 available
 Memory: 7525M
 Large Page Support: Disabled
 NUMA Support: Disabled
 Compressed Oops: Enabled (32-bit)
 Heap Region Size: 1M
 Heap Min Capacity: 8M
 Heap Initial Capacity: 118M
 Heap Max Capacity: 1882M
 Pre-touch: Disabled
 Parallel Workers: 10
 Concurrent Workers: 3
 Concurrent Refinement Workers: 10
 Periodic GC: Disabled

Heap:
 garbage-first heap   total 79872K, used 53725K [0x000000008a600000, 0x0000000100000000)
  region size 1024K, 31 young (31744K), 5 survivors (5120K)
 Metaspace       used 43138K, committed 43392K, reserved 1089536K
  class space    used 5255K, committed 5376K, reserved 1048576K

Heap Regions: E=young(eden), S=young(survivor), O=old, HS=humongous(starts), HC=humongous(continues), CS=collection set, F=free, OA=open archive, CA=closed archive, TAMS=top-at-mark-start (previous, next)
|   0|0x000000008a600000, 0x000000008a700000, 0x000000008a700000|100%|HS|  |TAMS 0x000000008a700000, 0x000000008a600000| Complete 
|   1|0x000000008a700000, 0x000000008a800000, 0x000000008a800000|100%|HC|  |TAMS 0x000000008a800000, 0x000000008a700000| Complete 
|   2|0x000000008a800000, 0x000000008a900000, 0x000000008a900000|100%|HC|  |TAMS 0x000000008a900000, 0x000000008a800000| Complete 
|   3|0x000000008a900000, 0x000000008aa00000, 0x000000008aa00000|100%|HC|  |TAMS 0x000000008aa00000, 0x000000008a900000| Complete 
|   4|0x000000008aa00000, 0x000000008ab00000, 0x000000008ab00000|100%| O|  |TAMS 0x000000008ab00000, 0x000000008aa00000| Untracked 
|   5|0x000000008ab00000, 0x000000008ac00000, 0x000000008ac00000|100%| O|  |TAMS 0x000000008ac00000, 0x000000008ab00000| Untracked 
|   6|0x000000008ac00000, 0x000000008ad00000, 0x000000008ad00000|100%| O|  |TAMS 0x000000008ac00000, 0x000000008ac00000| Untracked 
|   7|0x000000008ad00000, 0x000000008ae00000, 0x000000008ae00000|100%|HS|  |TAMS 0x000000008ae00000, 0x000000008ad00000| Complete 
|   8|0x000000008ae00000, 0x000000008af00000, 0x000000008af00000|100%|HC|  |TAMS 0x000000008af00000, 0x000000008ae00000| Complete 
|   9|0x000000008af00000, 0x000000008b000000, 0x000000008b000000|100%|HC|  |TAMS 0x000000008b000000, 0x000000008af00000| Complete 
|  10|0x000000008b000000, 0x000000008b100000, 0x000000008b100000|100%|HC|  |TAMS 0x000000008b100000, 0x000000008b000000| Complete 
|  11|0x000000008b100000, 0x000000008b200000, 0x000000008b200000|100%| O|  |TAMS 0x000000008b100000, 0x000000008b100000| Untracked 
|  12|0x000000008b200000, 0x000000008b300000, 0x000000008b300000|100%|HS|  |TAMS 0x000000008b200000, 0x000000008b200000| Complete 
|  13|0x000000008b300000, 0x000000008b400000, 0x000000008b400000|100%|HC|  |TAMS 0x000000008b300000, 0x000000008b300000| Complete 
|  14|0x000000008b400000, 0x000000008b477600, 0x000000008b500000| 46%| O|  |TAMS 0x000000008b400000, 0x000000008b400000| Untracked 
|  15|0x000000008b500000, 0x000000008b500000, 0x000000008b600000|  0%| F|  |TAMS 0x000000008b500000, 0x000000008b500000| Untracked 
|  16|0x000000008b600000, 0x000000008b600000, 0x000000008b700000|  0%| F|  |TAMS 0x000000008b600000, 0x000000008b600000| Untracked 
|  17|0x000000008b700000, 0x000000008b800000, 0x000000008b800000|100%| O|  |TAMS 0x000000008b800000, 0x000000008b700000| Untracked 
|  18|0x000000008b800000, 0x000000008b900000, 0x000000008b900000|100%| O|  |TAMS 0x000000008b900000, 0x000000008b800000| Untracked 
|  19|0x000000008b900000, 0x000000008ba00000, 0x000000008ba00000|100%| O|  |TAMS 0x000000008ba00000, 0x000000008b900000| Untracked 
|  20|0x000000008ba00000, 0x000000008bb00000, 0x000000008bb00000|100%| O|  |TAMS 0x000000008bb00000, 0x000000008ba00000| Untracked 
|  21|0x000000008bb00000, 0x000000008bc00000, 0x000000008bc00000|100%| O|  |TAMS 0x000000008bc00000, 0x000000008bb00000| Untracked 
|  22|0x000000008bc00000, 0x000000008bd00000, 0x000000008bd00000|100%| O|  |TAMS 0x000000008bd00000, 0x000000008bc00000| Untracked 
|  23|0x000000008bd00000, 0x000000008bd00000, 0x000000008be00000|  0%| F|  |TAMS 0x000000008bd00000, 0x000000008bd00000| Untracked 
|  24|0x000000008be00000, 0x000000008be00000, 0x000000008bf00000|  0%| F|  |TAMS 0x000000008be00000, 0x000000008be00000| Untracked 
|  25|0x000000008bf00000, 0x000000008c000000, 0x000000008c000000|100%| O|  |TAMS 0x000000008bf67400, 0x000000008bf00000| Untracked 
|  26|0x000000008c000000, 0x000000008c000000, 0x000000008c100000|  0%| F|  |TAMS 0x000000008c000000, 0x000000008c000000| Untracked 
|  27|0x000000008c100000, 0x000000008c100000, 0x000000008c200000|  0%| F|  |TAMS 0x000000008c100000, 0x000000008c100000| Untracked 
|  28|0x000000008c200000, 0x000000008c200000, 0x000000008c300000|  0%| F|  |TAMS 0x000000008c200000, 0x000000008c200000| Untracked 
|  29|0x000000008c300000, 0x000000008c300000, 0x000000008c400000|  0%| F|  |TAMS 0x000000008c300000, 0x000000008c300000| Untracked 
|  30|0x000000008c400000, 0x000000008c400000, 0x000000008c500000|  0%| F|  |TAMS 0x000000008c400000, 0x000000008c400000| Untracked 
|  31|0x000000008c500000, 0x000000008c500000, 0x000000008c600000|  0%| F|  |TAMS 0x000000008c500000, 0x000000008c500000| Untracked 
|  32|0x000000008c600000, 0x000000008c600000, 0x000000008c700000|  0%| F|  |TAMS 0x000000008c600000, 0x000000008c600000| Untracked 
|  33|0x000000008c700000, 0x000000008c700000, 0x000000008c800000|  0%| F|  |TAMS 0x000000008c700000, 0x000000008c700000| Untracked 
|  34|0x000000008c800000, 0x000000008c800000, 0x000000008c900000|  0%| F|  |TAMS 0x000000008c800000, 0x000000008c800000| Untracked 
|  35|0x000000008c900000, 0x000000008c900000, 0x000000008ca00000|  0%| F|  |TAMS 0x000000008c900000, 0x000000008c900000| Untracked 
|  36|0x000000008ca00000, 0x000000008cb00000, 0x000000008cb00000|100%| S|CS|TAMS 0x000000008ca00000, 0x000000008ca00000| Complete 
|  37|0x000000008cb00000, 0x000000008cc00000, 0x000000008cc00000|100%| S|CS|TAMS 0x000000008cb00000, 0x000000008cb00000| Complete 
|  38|0x000000008cc00000, 0x000000008cd00000, 0x000000008cd00000|100%| S|CS|TAMS 0x000000008cc00000, 0x000000008cc00000| Complete 
|  39|0x000000008cd00000, 0x000000008ce00000, 0x000000008ce00000|100%| S|CS|TAMS 0x000000008cd00000, 0x000000008cd00000| Complete 
|  40|0x000000008ce00000, 0x000000008cf00000, 0x000000008cf00000|100%| S|CS|TAMS 0x000000008ce00000, 0x000000008ce00000| Complete 
|  41|0x000000008cf00000, 0x000000008cf00000, 0x000000008d000000|  0%| F|  |TAMS 0x000000008cf00000, 0x000000008cf00000| Untracked 
|  42|0x000000008d000000, 0x000000008d000000, 0x000000008d100000|  0%| F|  |TAMS 0x000000008d000000, 0x000000008d000000| Untracked 
|  43|0x000000008d100000, 0x000000008d100000, 0x000000008d200000|  0%| F|  |TAMS 0x000000008d100000, 0x000000008d100000| Untracked 
|  44|0x000000008d200000, 0x000000008d200000, 0x000000008d300000|  0%| F|  |TAMS 0x000000008d200000, 0x000000008d200000| Untracked 
|  45|0x000000008d300000, 0x000000008d300000, 0x000000008d400000|  0%| F|  |TAMS 0x000000008d300000, 0x000000008d300000| Untracked 
|  46|0x000000008d400000, 0x000000008d400000, 0x000000008d500000|  0%| F|  |TAMS 0x000000008d400000, 0x000000008d400000| Untracked 
|  47|0x000000008d500000, 0x000000008d500000, 0x000000008d600000|  0%| F|  |TAMS 0x000000008d500000, 0x000000008d500000| Untracked 
|  48|0x000000008d600000, 0x000000008d600000, 0x000000008d700000|  0%| F|  |TAMS 0x000000008d600000, 0x000000008d600000| Untracked 
|  49|0x000000008d700000, 0x000000008d700000, 0x000000008d800000|  0%| F|  |TAMS 0x000000008d700000, 0x000000008d700000| Untracked 
|  50|0x000000008d800000, 0x000000008d800000, 0x000000008d900000|  0%| F|  |TAMS 0x000000008d800000, 0x000000008d800000| Untracked 
|  51|0x000000008d900000, 0x000000008d9aa400, 0x000000008da00000| 66%| E|  |TAMS 0x000000008d900000, 0x000000008d900000| Complete 
|  52|0x000000008da00000, 0x000000008db00000, 0x000000008db00000|100%| E|CS|TAMS 0x000000008da00000, 0x000000008da00000| Complete 
|  53|0x000000008db00000, 0x000000008dc00000, 0x000000008dc00000|100%| E|CS|TAMS 0x000000008db00000, 0x000000008db00000| Complete 
|  54|0x000000008dc00000, 0x000000008dd00000, 0x000000008dd00000|100%| E|CS|TAMS 0x000000008dc00000, 0x000000008dc00000| Complete 
|  55|0x000000008dd00000, 0x000000008de00000, 0x000000008de00000|100%| E|CS|TAMS 0x000000008dd00000, 0x000000008dd00000| Complete 
|  56|0x000000008de00000, 0x000000008df00000, 0x000000008df00000|100%| E|CS|TAMS 0x000000008de00000, 0x000000008de00000| Complete 
|  57|0x000000008df00000, 0x000000008e000000, 0x000000008e000000|100%| E|CS|TAMS 0x000000008df00000, 0x000000008df00000| Complete 
|  58|0x000000008e000000, 0x000000008e100000, 0x000000008e100000|100%| E|CS|TAMS 0x000000008e000000, 0x000000008e000000| Complete 
|  59|0x000000008e100000, 0x000000008e200000, 0x000000008e200000|100%| E|CS|TAMS 0x000000008e100000, 0x000000008e100000| Complete 
|  60|0x000000008e200000, 0x000000008e300000, 0x000000008e300000|100%| E|CS|TAMS 0x000000008e200000, 0x000000008e200000| Complete 
|  61|0x000000008e300000, 0x000000008e400000, 0x000000008e400000|100%| E|CS|TAMS 0x000000008e300000, 0x000000008e300000| Complete 
|  62|0x000000008e400000, 0x000000008e500000, 0x000000008e500000|100%| E|CS|TAMS 0x000000008e400000, 0x000000008e400000| Complete 
|  63|0x000000008e500000, 0x000000008e600000, 0x000000008e600000|100%| E|CS|TAMS 0x000000008e500000, 0x000000008e500000| Complete 
|  64|0x000000008e600000, 0x000000008e700000, 0x000000008e700000|100%| E|CS|TAMS 0x000000008e600000, 0x000000008e600000| Complete 
|  65|0x000000008e700000, 0x000000008e800000, 0x000000008e800000|100%| E|CS|TAMS 0x000000008e700000, 0x000000008e700000| Complete 
|  66|0x000000008e800000, 0x000000008e900000, 0x000000008e900000|100%| E|CS|TAMS 0x000000008e800000, 0x000000008e800000| Complete 
|  67|0x000000008e900000, 0x000000008ea00000, 0x000000008ea00000|100%| E|CS|TAMS 0x000000008e900000, 0x000000008e900000| Complete 
|  68|0x000000008ea00000, 0x000000008eb00000, 0x000000008eb00000|100%| E|CS|TAMS 0x000000008ea00000, 0x000000008ea00000| Complete 
|  69|0x000000008eb00000, 0x000000008ec00000, 0x000000008ec00000|100%| E|CS|TAMS 0x000000008eb00000, 0x000000008eb00000| Complete 
|  70|0x000000008ec00000, 0x000000008ed00000, 0x000000008ed00000|100%| E|CS|TAMS 0x000000008ec00000, 0x000000008ec00000| Complete 
|  79|0x000000008f500000, 0x000000008f600000, 0x000000008f600000|100%| E|CS|TAMS 0x000000008f500000, 0x000000008f500000| Complete 
|  80|0x000000008f600000, 0x000000008f700000, 0x000000008f700000|100%| E|CS|TAMS 0x000000008f600000, 0x000000008f600000| Complete 
|  81|0x000000008f700000, 0x000000008f800000, 0x000000008f800000|100%| E|CS|TAMS 0x000000008f700000, 0x000000008f700000| Complete 
|  82|0x000000008f800000, 0x000000008f900000, 0x000000008f900000|100%| E|CS|TAMS 0x000000008f800000, 0x000000008f800000| Complete 
| 117|0x0000000091b00000, 0x0000000091c00000, 0x0000000091c00000|100%| E|CS|TAMS 0x0000000091b00000, 0x0000000091b00000| Complete 
|1880|0x00000000ffe00000, 0x00000000fff00000, 0x00000000fff00000|100%| O|  |TAMS 0x00000000fff00000, 0x00000000ffe00000| Untracked 
|1881|0x00000000fff00000, 0x0000000100000000, 0x0000000100000000|100%| E|CS|TAMS 0x00000000fff00000, 0x00000000fff00000| Complete 

Card table byte_map: [0x000001a1d0b30000,0x000001a1d0ee0000] _byte_map_base: 0x000001a1d06dd000

Marking Bits (Prev, Next): (CMBitMap*) 0x000001a1bbeb3030, (CMBitMap*) 0x000001a1bbeb3070
 Prev Bits: [0x000001a1d1290000, 0x000001a1d2ff8000)
 Next Bits: [0x000001a1d3000000, 0x000001a1d4d68000)

Polling page: 0x000001a1c0ad0000

Metaspace:

Usage:
  Non-class:     37.00 MB used.
      Class:      5.13 MB used.
       Both:     42.13 MB used.

Virtual space:
  Non-class space:       40.00 MB reserved,      37.12 MB ( 93%) committed,  5 nodes.
      Class space:        1.00 GB reserved,       5.25 MB ( <1%) committed,  1 nodes.
             Both:        1.04 GB reserved,      42.38 MB (  4%) committed. 

Chunk freelists:
   Non-Class:  2.23 MB
       Class:  2.73 MB
        Both:  4.97 MB

MaxMetaspaceSize: unlimited
CompressedClassSpaceSize: 1.00 GB
Initial GC threshold: 21.00 MB
Current GC threshold: 49.62 MB
CDS: off
MetaspaceReclaimPolicy: balanced
 - commit_granule_bytes: 65536.
 - commit_granule_words: 8192.
 - virtual_space_node_default_size: 1048576.
 - enlarge_chunks_in_place: 1.
 - new_chunks_are_fully_committed: 0.
 - uncommit_free_chunks: 1.
 - use_allocation_guard: 0.
 - handle_deallocations: 1.


Internal statistics:

num_allocs_failed_limit: 3.
num_arena_births: 196.
num_arena_deaths: 0.
num_vsnodes_births: 6.
num_vsnodes_deaths: 0.
num_space_committed: 676.
num_space_uncommitted: 0.
num_chunks_returned_to_freelist: 3.
num_chunks_taken_from_freelist: 1352.
num_chunk_merges: 3.
num_chunk_splits: 1081.
num_chunks_enlarged: 946.
num_purges: 0.
num_inconsistent_stats: 0.

CodeHeap 'non-profiled nmethods': size=120000Kb used=1347Kb max_used=1347Kb free=118652Kb
 bounds [0x000001a1c85c0000, 0x000001a1c8830000, 0x000001a1cfaf0000]
CodeHeap 'profiled nmethods': size=120000Kb used=5858Kb max_used=5858Kb free=114142Kb
 bounds [0x000001a1c0af0000, 0x000001a1c10b0000, 0x000001a1c8020000]
CodeHeap 'non-nmethods': size=5760Kb used=1259Kb max_used=1313Kb free=4501Kb
 bounds [0x000001a1c8020000, 0x000001a1c8290000, 0x000001a1c85c0000]
 total_blobs=3720 nmethods=3144 adapters=488
 compilation: enabled
              stopped_count=0, restarted_count=0
 full_count=0

Compilation events (20 events):
Event: 2.694 Thread 0x000001a1d842cb80 3141       4       java.lang.reflect.Method::copy (84 bytes)
Event: 2.695 Thread 0x000001a1d842d480 3143       3       kotlin.sequences.SequencesKt__SequencesKt::generateSequence (42 bytes)
Event: 2.696 Thread 0x000001a1d842cb80 nmethod 3141 0x000001a1c870be90 code [0x000001a1c870c020, 0x000001a1c870c318]
Event: 2.696 Thread 0x000001a1d842d480 nmethod 3143 0x000001a1c1099190 code [0x000001a1c1099460, 0x000001a1c109a318]
Event: 2.696 Thread 0x000001a1d842d480 3145       3       org.jetbrains.kotlin.container.CacheKt::getConstructorInfo (258 bytes)
Event: 2.700 Thread 0x000001a1d842d480 nmethod 3145 0x000001a1c109a890 code [0x000001a1c109b120, 0x000001a1c10a0658]
Event: 2.700 Thread 0x000001a1d842d480 3144       3       kotlin.sequences.SequencesKt__SequencesKt$generateSequence$2::<init> (11 bytes)
Event: 2.700 Thread 0x000001a1d842d480 nmethod 3144 0x000001a1c10a2290 code [0x000001a1c10a2440, 0x000001a1c10a2678]
Event: 2.700 Thread 0x000001a1d842d480 3146       3       java.util.ArrayList::fastRemove (44 bytes)
Event: 2.700 Thread 0x000001a1d842d480 nmethod 3146 0x000001a1c10a2790 code [0x000001a1c10a2940, 0x000001a1c10a2d28]
Event: 2.705 Thread 0x000001a1d842cb80 3147   !   4       java.lang.reflect.Executable::declaredAnnotations (85 bytes)
Event: 2.709 Thread 0x000001a1d842d480 3153       1       sun.reflect.generics.repository.AbstractRepository::getFactory (5 bytes)
Event: 2.710 Thread 0x000001a1d842d480 nmethod 3153 0x000001a1c870c410 code [0x000001a1c870c5a0, 0x000001a1c870c678]
Event: 2.711 Thread 0x000001a1d842d480 3154       3       org.jetbrains.kotlin.container.CacheKt::getSetterInfos (154 bytes)
Event: 2.713 Thread 0x000001a1d842d480 nmethod 3154 0x000001a1c10a2e90 code [0x000001a1c10a35e0, 0x000001a1c10a7268]
Event: 2.728 Thread 0x000001a1d842cb80 nmethod 3147 0x000001a1c870c710 code [0x000001a1c870c9e0, 0x000001a1c870dfc0]
Event: 2.728 Thread 0x000001a1d842cb80 3155       4       java.util.LinkedHashMap::valuesToArray (38 bytes)
Event: 2.729 Thread 0x000001a1d842cb80 nmethod 3155 0x000001a1c870f010 code [0x000001a1c870f1a0, 0x000001a1c870f378]
Event: 2.729 Thread 0x000001a1d842cb80 3149       4       java.lang.PublicMethods$MethodList::merge (192 bytes)
Event: 2.733 Thread 0x000001a1d842cb80 nmethod 3149 0x000001a1c870f490 code [0x000001a1c870f620, 0x000001a1c870f9f8]

GC Heap History (16 events):
Event: 0.482 GC heap before
{Heap before GC invocations=0 (full 0):
 garbage-first heap   total 120832K, used 27648K [0x000000008a600000, 0x0000000100000000)
  region size 1024K, 23 young (23552K), 0 survivors (0K)
 Metaspace       used 13311K, committed 13440K, reserved 1064960K
  class space    used 1279K, committed 1344K, reserved 1048576K
}
Event: 0.486 GC heap after
{Heap after GC invocations=1 (full 0):
 garbage-first heap   total 120832K, used 7027K [0x000000008a600000, 0x0000000100000000)
  region size 1024K, 3 young (3072K), 3 survivors (3072K)
 Metaspace       used 13311K, committed 13440K, reserved 1064960K
  class space    used 1279K, committed 1344K, reserved 1048576K
}
Event: 0.985 GC heap before
{Heap before GC invocations=1 (full 0):
 garbage-first heap   total 120832K, used 38771K [0x000000008a600000, 0x0000000100000000)
  region size 1024K, 35 young (35840K), 3 survivors (3072K)
 Metaspace       used 21391K, committed 21504K, reserved 1073152K
  class space    used 2386K, committed 2432K, reserved 1048576K
}
Event: 0.994 GC heap after
{Heap after GC invocations=2 (full 0):
 garbage-first heap   total 120832K, used 10489K [0x000000008a600000, 0x0000000100000000)
  region size 1024K, 4 young (4096K), 4 survivors (4096K)
 Metaspace       used 21391K, committed 21504K, reserved 1073152K
  class space    used 2386K, committed 2432K, reserved 1048576K
}
Event: 1.271 GC heap before
{Heap before GC invocations=3 (full 0):
 garbage-first heap   total 40960K, used 33017K [0x000000008a600000, 0x0000000100000000)
  region size 1024K, 23 young (23552K), 4 survivors (4096K)
 Metaspace       used 26439K, committed 26688K, reserved 1073152K
  class space    used 2947K, committed 3072K, reserved 1048576K
}
Event: 1.284 GC heap after
{Heap after GC invocations=4 (full 0):
 garbage-first heap   total 45056K, used 20857K [0x000000008a600000, 0x0000000100000000)
  region size 1024K, 8 young (8192K), 8 survivors (8192K)
 Metaspace       used 26439K, committed 26688K, reserved 1073152K
  class space    used 2947K, committed 3072K, reserved 1048576K
}
Event: 1.324 GC heap before
{Heap before GC invocations=4 (full 0):
 garbage-first heap   total 45056K, used 20857K [0x000000008a600000, 0x0000000100000000)
  region size 1024K, 9 young (9216K), 8 survivors (8192K)
 Metaspace       used 27469K, committed 27712K, reserved 1081344K
  class space    used 3060K, committed 3136K, reserved 1048576K
}
Event: 1.333 GC heap after
{Heap after GC invocations=5 (full 0):
 garbage-first heap   total 45056K, used 21917K [0x000000008a600000, 0x0000000100000000)
  region size 1024K, 1 young (1024K), 1 survivors (1024K)
 Metaspace       used 27469K, committed 27712K, reserved 1081344K
  class space    used 3060K, committed 3136K, reserved 1048576K
}
Event: 1.474 GC heap before
{Heap before GC invocations=5 (full 0):
 garbage-first heap   total 45056K, used 31133K [0x000000008a600000, 0x0000000100000000)
  region size 1024K, 10 young (10240K), 1 survivors (1024K)
 Metaspace       used 30144K, committed 30464K, reserved 1081344K
  class space    used 3427K, committed 3584K, reserved 1048576K
}
Event: 1.477 GC heap after
{Heap after GC invocations=6 (full 0):
 garbage-first heap   total 45056K, used 21811K [0x000000008a600000, 0x0000000100000000)
  region size 1024K, 1 young (1024K), 1 survivors (1024K)
 Metaspace       used 30144K, committed 30464K, reserved 1081344K
  class space    used 3427K, committed 3584K, reserved 1048576K
}
Event: 1.670 GC heap before
{Heap before GC invocations=7 (full 0):
 garbage-first heap   total 45056K, used 31027K [0x000000008a600000, 0x0000000100000000)
  region size 1024K, 11 young (11264K), 1 survivors (1024K)
 Metaspace       used 32838K, committed 33088K, reserved 1081344K
  class space    used 4011K, committed 4160K, reserved 1048576K
}
Event: 1.674 GC heap after
{Heap after GC invocations=8 (full 0):
 garbage-first heap   total 79872K, used 22254K [0x000000008a600000, 0x0000000100000000)
  region size 1024K, 2 young (2048K), 2 survivors (2048K)
 Metaspace       used 32838K, committed 33088K, reserved 1081344K
  class space    used 4011K, committed 4160K, reserved 1048576K
}
Event: 1.684 GC heap before
{Heap before GC invocations=8 (full 0):
 garbage-first heap   total 79872K, used 23278K [0x000000008a600000, 0x0000000100000000)
  region size 1024K, 3 young (3072K), 2 survivors (2048K)
 Metaspace       used 32847K, committed 33152K, reserved 1081344K
  class space    used 4011K, committed 4160K, reserved 1048576K
}
Event: 1.687 GC heap after
{Heap after GC invocations=9 (full 0):
 garbage-first heap   total 79872K, used 20953K [0x000000008a600000, 0x0000000100000000)
  region size 1024K, 1 young (1024K), 1 survivors (1024K)
 Metaspace       used 32847K, committed 33152K, reserved 1081344K
  class space    used 4011K, committed 4160K, reserved 1048576K
}
Event: 2.449 GC heap before
{Heap before GC invocations=9 (full 0):
 garbage-first heap   total 79872K, used 58841K [0x000000008a600000, 0x0000000100000000)
  region size 1024K, 36 young (36864K), 1 survivors (1024K)
 Metaspace       used 38113K, committed 38400K, reserved 1089536K
  class space    used 4783K, committed 4864K, reserved 1048576K
}
Event: 2.457 GC heap after
{Heap after GC invocations=10 (full 0):
 garbage-first heap   total 79872K, used 28125K [0x000000008a600000, 0x0000000100000000)
  region size 1024K, 5 young (5120K), 5 survivors (5120K)
 Metaspace       used 38113K, committed 38400K, reserved 1089536K
  class space    used 4783K, committed 4864K, reserved 1048576K
}

Dll operation events (2 events):
Event: 0.005 Loaded shared library C:\Users\kayrat\AppData\Local\JetBrains\Toolbox\apps\AndroidStudio\ch-0\222.4459.24.2221.10121639\jbr\bin\java.dll
Event: 0.836 Loaded shared library C:\Users\kayrat\AppData\Local\JetBrains\Toolbox\apps\AndroidStudio\ch-0\222.4459.24.2221.10121639\jbr\bin\verify.dll

Deoptimization events (20 events):
Event: 2.730 Thread 0x000001a1bbe57980 Uncommon trap: trap_request=0xffffffbe fr.pc=0x000001a1c870f334 relative=0x0000000000000194
Event: 2.730 Thread 0x000001a1bbe57980 Uncommon trap: reason=profile_predicate action=maybe_recompile pc=0x000001a1c870f334 method=java.util.LinkedHashMap.valuesToArray([Ljava/lang/Object;)[Ljava/lang/Object; @ 12 c2
Event: 2.730 Thread 0x000001a1bbe57980 DEOPT PACKING pc=0x000001a1c870f334 sp=0x000000073cdfd1f0
Event: 2.730 Thread 0x000001a1bbe57980 DEOPT UNPACKING pc=0x000001a1c80769a3 sp=0x000000073cdfd1a8 mode 2
Event: 2.730 Thread 0x000001a1bbe57980 Uncommon trap: trap_request=0xffffffbe fr.pc=0x000001a1c870f334 relative=0x0000000000000194
Event: 2.730 Thread 0x000001a1bbe57980 Uncommon trap: reason=profile_predicate action=maybe_recompile pc=0x000001a1c870f334 method=java.util.LinkedHashMap.valuesToArray([Ljava/lang/Object;)[Ljava/lang/Object; @ 12 c2
Event: 2.730 Thread 0x000001a1bbe57980 DEOPT PACKING pc=0x000001a1c870f334 sp=0x000000073cdfd1f0
Event: 2.730 Thread 0x000001a1bbe57980 DEOPT UNPACKING pc=0x000001a1c80769a3 sp=0x000000073cdfd1a8 mode 2
Event: 2.730 Thread 0x000001a1bbe57980 Uncommon trap: trap_request=0xffffffbe fr.pc=0x000001a1c870f334 relative=0x0000000000000194
Event: 2.730 Thread 0x000001a1bbe57980 Uncommon trap: reason=profile_predicate action=maybe_recompile pc=0x000001a1c870f334 method=java.util.LinkedHashMap.valuesToArray([Ljava/lang/Object;)[Ljava/lang/Object; @ 12 c2
Event: 2.730 Thread 0x000001a1bbe57980 DEOPT PACKING pc=0x000001a1c870f334 sp=0x000000073cdfd1f0
Event: 2.730 Thread 0x000001a1bbe57980 DEOPT UNPACKING pc=0x000001a1c80769a3 sp=0x000000073cdfd1a8 mode 2
Event: 2.730 Thread 0x000001a1bbe57980 Uncommon trap: trap_request=0xffffffbe fr.pc=0x000001a1c870f334 relative=0x0000000000000194
Event: 2.730 Thread 0x000001a1bbe57980 Uncommon trap: reason=profile_predicate action=maybe_recompile pc=0x000001a1c870f334 method=java.util.LinkedHashMap.valuesToArray([Ljava/lang/Object;)[Ljava/lang/Object; @ 12 c2
Event: 2.730 Thread 0x000001a1bbe57980 DEOPT PACKING pc=0x000001a1c870f334 sp=0x000000073cdfd1f0
Event: 2.730 Thread 0x000001a1bbe57980 DEOPT UNPACKING pc=0x000001a1c80769a3 sp=0x000000073cdfd1a8 mode 2
Event: 2.730 Thread 0x000001a1bbe57980 Uncommon trap: trap_request=0xffffffde fr.pc=0x000001a1c86ff668 relative=0x0000000000001068
Event: 2.730 Thread 0x000001a1bbe57980 Uncommon trap: reason=class_check action=maybe_recompile pc=0x000001a1c86ff668 method=java.util.HashMap.putVal(ILjava/lang/Object;Ljava/lang/Object;ZZ)Ljava/lang/Object; @ 203 c2
Event: 2.730 Thread 0x000001a1bbe57980 DEOPT PACKING pc=0x000001a1c86ff668 sp=0x000000073cdfd7a0
Event: 2.730 Thread 0x000001a1bbe57980 DEOPT UNPACKING pc=0x000001a1c80769a3 sp=0x000000073cdfd730 mode 2

Classes unloaded (0 events):
No events

Classes redefined (0 events):
No events

Internal exceptions (20 events):
Event: 0.762 Thread 0x000001a1bbe57980 Exception <a 'java/lang/NoSuchMethodError'{0x00000000908593c0}: 'long java.lang.invoke.Invokers$Holder.invoke_MT(java.lang.Object, java.lang.Object, java.lang.Object, java.lang.Object)'> (0x00000000908593c0) 
thrown [s\src\hotspot\share\interpreter\linkResolver.cpp, line 771]
Event: 0.763 Thread 0x000001a1bbe57980 Exception <a 'java/lang/NoSuchMethodError'{0x0000000090864be0}: 'int java.lang.invoke.DirectMethodHandle$Holder.invokeSpecial(java.lang.Object, java.lang.Object, java.lang.Object)'> (0x0000000090864be0) 
thrown [s\src\hotspot\share\interpreter\linkResolver.cpp, line 771]
Event: 0.763 Thread 0x000001a1bbe57980 Exception <a 'java/lang/NoSuchMethodError'{0x0000000090868c10}: 'int java.lang.invoke.DirectMethodHandle$Holder.invokeSpecial(java.lang.Object, java.lang.Object, java.lang.Object, java.lang.Object)'> (0x0000000090868c10) 
thrown [s\src\hotspot\share\interpreter\linkResolver.cpp, line 771]
Event: 0.763 Thread 0x000001a1bbe57980 Exception <a 'java/lang/NoSuchMethodError'{0x000000009086c278}: 'int java.lang.invoke.Invokers$Holder.invoke_MT(java.lang.Object, java.lang.Object, java.lang.Object, java.lang.Object)'> (0x000000009086c278) 
thrown [s\src\hotspot\share\interpreter\linkResolver.cpp, line 771]
Event: 0.765 Thread 0x000001a1bbe57980 Exception <a 'java/lang/NoSuchMethodError'{0x000000009087be98}: 'int java.lang.invoke.DelegatingMethodHandle$Holder.reinvoke_L(java.lang.Object, java.lang.Object, java.lang.Object, long, int)'> (0x000000009087be98) 
thrown [s\src\hotspot\share\interpreter\linkResolver.cpp, line 771]
Event: 0.840 Thread 0x000001a1bbe57980 Exception <a 'java/lang/NoSuchMethodError'{0x00000000905e51a0}: 'java.lang.Object java.lang.invoke.DirectMethodHandle$Holder.invokeStaticInit(java.lang.Object)'> (0x00000000905e51a0) 
thrown [s\src\hotspot\share\interpreter\linkResolver.cpp, line 771]
Event: 1.019 Thread 0x000001a1bbe57980 Exception <a 'java/lang/NoSuchMethodError'{0x000000008c70e990}: 'java.lang.Object java.lang.invoke.DirectMethodHandle$Holder.invokeStaticInit(java.lang.Object, int)'> (0x000000008c70e990) 
thrown [s\src\hotspot\share\interpreter\linkResolver.cpp, line 771]
Event: 1.025 Thread 0x000001a1bbe57980 Exception <a 'java/lang/NoSuchMethodError'{0x000000008c78e6b0}: 'void java.lang.invoke.DirectMethodHandle$Holder.invokeStatic(java.lang.Object, java.lang.Object)'> (0x000000008c78e6b0) 
thrown [s\src\hotspot\share\interpreter\linkResolver.cpp, line 771]
Event: 1.041 Thread 0x000001a1bbe57980 Exception <a 'java/lang/NoSuchMethodError'{0x000000008c6b4d48}: 'long java.lang.invoke.DirectMethodHandle$Holder.invokeStatic(java.lang.Object)'> (0x000000008c6b4d48) 
thrown [s\src\hotspot\share\interpreter\linkResolver.cpp, line 771]
Event: 1.041 Thread 0x000001a1bbe57980 Exception <a 'java/lang/NoSuchMethodError'{0x000000008c6b84a0}: 'long java.lang.invoke.DirectMethodHandle$Holder.invokeStaticInit(java.lang.Object)'> (0x000000008c6b84a0) 
thrown [s\src\hotspot\share\interpreter\linkResolver.cpp, line 771]
Event: 1.085 Thread 0x000001a1bbe57980 Exception <a 'java/lang/NoSuchMethodError'{0x000000008c2306a0}: 'int java.lang.invoke.DirectMethodHandle$Holder.invokeStaticInit(java.lang.Object, java.lang.Object, java.lang.Object)'> (0x000000008c2306a0) 
thrown [s\src\hotspot\share\interpreter\linkResolver.cpp, line 771]
Event: 1.089 Thread 0x000001a1bbe57980 Exception <a 'java/lang/NoSuchMethodError'{0x000000008c257d58}: 'int java.lang.invoke.DirectMethodHandle$Holder.invokeStaticInit(java.lang.Object, java.lang.Object)'> (0x000000008c257d58) 
thrown [s\src\hotspot\share\interpreter\linkResolver.cpp, line 771]
Event: 1.101 Thread 0x000001a1bbe57980 Exception <a 'java/lang/NoSuchMethodError'{0x000000008c1332c8}: 'void java.lang.invoke.DirectMethodHandle$Holder.invokeSpecial(java.lang.Object, java.lang.Object, java.lang.Object)'> (0x000000008c1332c8) 
thrown [s\src\hotspot\share\interpreter\linkResolver.cpp, line 771]
Event: 1.339 Thread 0x000001a1bbe57980 Exception <a 'java/lang/NoSuchMethodError'{0x0000000091b2c790}: 'void java.lang.invoke.DirectMethodHandle$Holder.invokeStatic(java.lang.Object, java.lang.Object, java.lang.Object, java.lang.Object)'> (0x0000000091b2c790) 
thrown [s\src\hotspot\share\interpreter\linkResolver.cpp, line 771]
Event: 1.397 Thread 0x000001a1bbe57980 Exception <a 'java/lang/NoSuchMethodError'{0x000000008f5e0310}: 'void java.lang.invoke.DirectMethodHandle$Holder.invokeStaticInit(java.lang.Object, java.lang.Object)'> (0x000000008f5e0310) 
thrown [s\src\hotspot\share\interpreter\linkResolver.cpp, line 771]
Event: 1.458 Thread 0x000001a1bbe57980 Exception <a 'java/lang/NoSuchMethodError'{0x000000008c6337e8}: 'void java.lang.invoke.DirectMethodHandle$Holder.invokeVirtual(java.lang.Object, java.lang.Object)'> (0x000000008c6337e8) 
thrown [s\src\hotspot\share\interpreter\linkResolver.cpp, line 771]
Event: 1.463 Thread 0x000001a1bbe57980 Exception <a 'java/lang/NoSuchMethodError'{0x000000008c67dcb0}: 'int java.lang.invoke.DirectMethodHandle$Holder.invokeVirtual(java.lang.Object, java.lang.Object)'> (0x000000008c67dcb0) 
thrown [s\src\hotspot\share\interpreter\linkResolver.cpp, line 771]
Event: 1.485 Thread 0x000001a1bbe57980 Exception <a 'java/lang/NoSuchMethodError'{0x0000000091b30070}: 'java.lang.Object java.lang.invoke.Invokers$Holder.invokeExact_MT(java.lang.Object, java.lang.Object, java.lang.Object, java.lang.Object, java.lang.Object, java.lang.Object)'> (0x0000000091b30070) 
thrown [s\src\hotspot\share\interpreter\linkResolver.cpp, line 771]
Event: 1.585 Thread 0x000001a1bbe57980 Exception <a 'java/lang/NoSuchMethodError'{0x000000008f6dd628}: 'java.lang.Object java.lang.invoke.Invokers$Holder.invoke_MT(java.lang.Object, java.lang.Object, java.lang.Object)'> (0x000000008f6dd628) 
thrown [s\src\hotspot\share\interpreter\linkResolver.cpp, line 771]
Event: 2.466 Thread 0x000001a1bbe57980 Exception <a 'java/lang/NoSuchMethodError'{0x00000000fffd1300}: 'java.lang.Object java.lang.invoke.DirectMethodHandle$Holder.invokeVirtual(java.lang.Object, java.lang.Object, java.lang.Object)'> (0x00000000fffd1300) 
thrown [s\src\hotspot\share\interpreter\linkResolver.cpp, line 771]

VM Operations (20 events):
Event: 1.324 Executing VM operation: G1CollectForAllocation
Event: 1.333 Executing VM operation: G1CollectForAllocation done
Event: 1.369 Executing VM operation: HandshakeAllThreads
Event: 1.369 Executing VM operation: HandshakeAllThreads done
Event: 1.474 Executing VM operation: G1CollectForAllocation
Event: 1.477 Executing VM operation: G1CollectForAllocation done
Event: 1.482 Executing VM operation: G1Concurrent
Event: 1.484 Executing VM operation: G1Concurrent done
Event: 1.486 Executing VM operation: G1Concurrent
Event: 1.486 Executing VM operation: G1Concurrent done
Event: 1.670 Executing VM operation: G1CollectForAllocation
Event: 1.674 Executing VM operation: G1CollectForAllocation done
Event: 1.684 Executing VM operation: G1CollectForAllocation
Event: 1.687 Executing VM operation: G1CollectForAllocation done
Event: 1.762 Executing VM operation: HandshakeAllThreads
Event: 1.762 Executing VM operation: HandshakeAllThreads done
Event: 2.449 Executing VM operation: G1CollectForAllocation
Event: 2.457 Executing VM operation: G1CollectForAllocation done
Event: 2.677 Executing VM operation: HandshakeAllThreads
Event: 2.677 Executing VM operation: HandshakeAllThreads done

Events (20 events):
Event: 2.594 loading class sun/reflect/generics/tree/BottomSignature
Event: 2.594 loading class sun/reflect/generics/tree/BottomSignature done
Event: 2.594 loading class sun/reflect/generics/tree/Wildcard
Event: 2.594 loading class sun/reflect/generics/tree/Wildcard done
Event: 2.594 loading class sun/reflect/generics/tree/VoidDescriptor
Event: 2.594 loading class sun/reflect/generics/tree/VoidDescriptor done
Event: 2.594 loading class sun/reflect/generics/tree/MethodTypeSignature
Event: 2.594 loading class sun/reflect/generics/tree/MethodTypeSignature done
Event: 2.594 loading class sun/reflect/generics/reflectiveObjects/WildcardTypeImpl
Event: 2.594 loading class java/lang/reflect/WildcardType
Event: 2.594 loading class java/lang/reflect/WildcardType done
Event: 2.594 loading class sun/reflect/generics/reflectiveObjects/WildcardTypeImpl done
Event: 2.595 loading class java/util/function/IntFunction
Event: 2.595 loading class java/util/function/IntFunction done
Event: 2.640 loading class java/lang/TypeNotPresentException
Event: 2.640 loading class java/lang/TypeNotPresentException done
Event: 2.677 loading class sun/reflect/generics/scope/MethodScope
Event: 2.677 loading class sun/reflect/generics/scope/MethodScope done
Event: 2.677 loading class sun/reflect/generics/repository/MethodRepository
Event: 2.677 loading class sun/reflect/generics/repository/MethodRepository done


Dynamic libraries:
0x00007ff7608f0000 - 0x00007ff7608fa000 	C:\Users\kayrat\AppData\Local\JetBrains\Toolbox\apps\AndroidStudio\ch-0\222.4459.24.2221.10121639\jbr\bin\java.exe
0x00007ffd060b0000 - 0x00007ffd062c4000 	C:\Windows\SYSTEM32\ntdll.dll
0x00007ffd04fc0000 - 0x00007ffd05082000 	C:\Windows\System32\KERNEL32.DLL
0x00007ffd035d0000 - 0x00007ffd03973000 	C:\Windows\System32\KERNELBASE.dll
0x00007ffd034b0000 - 0x00007ffd035c1000 	C:\Windows\System32\ucrtbase.dll
0x00007ffcea630000 - 0x00007ffcea64b000 	C:\Users\kayrat\AppData\Local\JetBrains\Toolbox\apps\AndroidStudio\ch-0\222.4459.24.2221.10121639\jbr\bin\VCRUNTIME140.dll
0x00007ffcea6a0000 - 0x00007ffcea6b7000 	C:\Users\kayrat\AppData\Local\JetBrains\Toolbox\apps\AndroidStudio\ch-0\222.4459.24.2221.10121639\jbr\bin\jli.dll
0x00007ffd04a70000 - 0x00007ffd04c1b000 	C:\Windows\System32\USER32.dll
0x00007ffd03e60000 - 0x00007ffd03e86000 	C:\Windows\System32\win32u.dll
0x00007ffd05240000 - 0x00007ffd05269000 	C:\Windows\System32\GDI32.dll
0x00007ffcec960000 - 0x00007ffcecbee000 	C:\Windows\WinSxS\amd64_microsoft.windows.common-controls_6595b64144ccf1df_6.0.22621.1635_none_270f70857386168e\COMCTL32.dll
0x00007ffd03c80000 - 0x00007ffd03d99000 	C:\Windows\System32\gdi32full.dll
0x00007ffd03a70000 - 0x00007ffd03b0a000 	C:\Windows\System32\msvcp_win.dll
0x00007ffd04310000 - 0x00007ffd043b7000 	C:\Windows\System32\msvcrt.dll
0x00007ffd051a0000 - 0x00007ffd051d1000 	C:\Windows\System32\IMM32.DLL
0x00007ffcfcb90000 - 0x00007ffcfcb9c000 	C:\Users\kayrat\AppData\Local\JetBrains\Toolbox\apps\AndroidStudio\ch-0\222.4459.24.2221.10121639\jbr\bin\vcruntime140_1.dll
0x00007ffce7a80000 - 0x00007ffce7b0d000 	C:\Users\kayrat\AppData\Local\JetBrains\Toolbox\apps\AndroidStudio\ch-0\222.4459.24.2221.10121639\jbr\bin\msvcp140.dll
0x00007ffcb80d0000 - 0x00007ffcb8d3d000 	C:\Users\kayrat\AppData\Local\JetBrains\Toolbox\apps\AndroidStudio\ch-0\222.4459.24.2221.10121639\jbr\bin\server\jvm.dll
0x00007ffd05470000 - 0x00007ffd0551e000 	C:\Windows\System32\ADVAPI32.dll
0x00007ffd05520000 - 0x00007ffd055c4000 	C:\Windows\System32\sechost.dll
0x00007ffd047d0000 - 0x00007ffd048e7000 	C:\Windows\System32\RPCRT4.dll
0x00007ffcfeba0000 - 0x00007ffcfeba9000 	C:\Windows\SYSTEM32\WSOCK32.dll
0x00007ffd049f0000 - 0x00007ffd04a61000 	C:\Windows\System32\WS2_32.dll
0x00007ffcfcc10000 - 0x00007ffcfcc1a000 	C:\Windows\SYSTEM32\VERSION.dll
0x00007ffcfcc20000 - 0x00007ffcfcc54000 	C:\Windows\SYSTEM32\WINMM.dll
0x00007ffd024b0000 - 0x00007ffd024c8000 	C:\Windows\SYSTEM32\kernel.appcore.dll
0x00007ffcfeb90000 - 0x00007ffcfeb9a000 	C:\Users\kayrat\AppData\Local\JetBrains\Toolbox\apps\AndroidStudio\ch-0\222.4459.24.2221.10121639\jbr\bin\jimage.dll
0x00007ffcfaff0000 - 0x00007ffcfb21e000 	C:\Windows\SYSTEM32\DBGHELP.DLL
0x00007ffd043c0000 - 0x00007ffd04749000 	C:\Windows\System32\combase.dll
0x00007ffd050a0000 - 0x00007ffd05177000 	C:\Windows\System32\OLEAUT32.dll
0x00007ffcf3bd0000 - 0x00007ffcf3c02000 	C:\Windows\SYSTEM32\dbgcore.DLL
0x00007ffd039f0000 - 0x00007ffd03a6b000 	C:\Windows\System32\bcryptPrimitives.dll
0x00007ffcfe610000 - 0x00007ffcfe635000 	C:\Users\kayrat\AppData\Local\JetBrains\Toolbox\apps\AndroidStudio\ch-0\222.4459.24.2221.10121639\jbr\bin\java.dll
0x00007ffcfdf60000 - 0x00007ffcfdf78000 	C:\Users\kayrat\AppData\Local\JetBrains\Toolbox\apps\AndroidStudio\ch-0\222.4459.24.2221.10121639\jbr\bin\zip.dll
0x00007ffd05870000 - 0x00007ffd0606a000 	C:\Windows\System32\SHELL32.dll
0x00007ffd014b0000 - 0x00007ffd01d7e000 	C:\Windows\SYSTEM32\windows.storage.dll
0x00007ffd01370000 - 0x00007ffd014ae000 	C:\Windows\SYSTEM32\wintypes.dll
0x00007ffd04c20000 - 0x00007ffd04d11000 	C:\Windows\System32\SHCORE.dll
0x00007ffd05410000 - 0x00007ffd0546e000 	C:\Windows\System32\shlwapi.dll
0x00007ffd033e0000 - 0x00007ffd03401000 	C:\Windows\SYSTEM32\profapi.dll
0x00007ffcfd5d0000 - 0x00007ffcfd5e9000 	C:\Users\kayrat\AppData\Local\JetBrains\Toolbox\apps\AndroidStudio\ch-0\222.4459.24.2221.10121639\jbr\bin\net.dll
0x00007ffcfc8d0000 - 0x00007ffcfca07000 	C:\Windows\SYSTEM32\WINHTTP.dll
0x00007ffd02970000 - 0x00007ffd029d9000 	C:\Windows\system32\mswsock.dll
0x00007ffcfd310000 - 0x00007ffcfd326000 	C:\Users\kayrat\AppData\Local\JetBrains\Toolbox\apps\AndroidStudio\ch-0\222.4459.24.2221.10121639\jbr\bin\nio.dll
0x00007ffcf20b0000 - 0x00007ffcf20c0000 	C:\Users\kayrat\AppData\Local\JetBrains\Toolbox\apps\AndroidStudio\ch-0\222.4459.24.2221.10121639\jbr\bin\verify.dll

dbghelp: loaded successfully - version: 4.0.5 - missing functions: none
symbol engine: initialized successfully - sym options: 0x614 - pdb path: .;C:\Users\kayrat\AppData\Local\JetBrains\Toolbox\apps\AndroidStudio\ch-0\222.4459.24.2221.10121639\jbr\bin;C:\Windows\SYSTEM32;C:\Windows\WinSxS\amd64_microsoft.windows.common-controls_6595b64144ccf1df_6.0.22621.1635_none_270f70857386168e;C:\Users\kayrat\AppData\Local\JetBrains\Toolbox\apps\AndroidStudio\ch-0\222.4459.24.2221.10121639\jbr\bin\server

VM Arguments:
java_command: org.jetbrains.kotlin.cli.jvm.K2JVMCompiler @C:\Users\kayrat\StudioProjects\GeeksMentor\app\build\20230626_15135274735907818532.compiler.options
java_class_path (initial): C:\Users\kayrat\.gradle\caches\modules-2\files-2.1\org.jetbrains.kotlin\kotlin-compiler-embeddable\1.8.0\eb9118d4bcceaa2a94b2ae2a33a4ddba7c9a947f\kotlin-compiler-embeddable-1.8.0.jar;C:\Users\kayrat\.gradle\caches\modules-2\files-2.1\org.jetbrains.kotlin\kotlin-stdlib\1.8.0\1796921c7a3e2e2665a83e6c8d33399336cd39bc\kotlin-stdlib-1.8.0.jar;C:\Users\kayrat\.gradle\caches\modules-2\files-2.1\org.jetbrains.kotlin\kotlin-script-runtime\1.8.0\b2f7e760d283cb339974851c222a4c1d48f2d3d\kotlin-script-runtime-1.8.0.jar;C:\Users\kayrat\.gradle\caches\modules-2\files-2.1\org.jetbrains.kotlin\kotlin-reflect\1.6.10\1cbe9c92c12a94eea200d23c2bbaedaf3daf5132\kotlin-reflect-1.6.10.jar;C:\Users\kayrat\.gradle\caches\modules-2\files-2.1\org.jetbrains.kotlin\kotlin-daemon-embeddable\1.8.0\d255216c551685dc3a7e852b53617f5f01aaaa5c\kotlin-daemon-embeddable-1.8.0.jar;C:\Users\kayrat\.gradle\caches\modules-2\files-2.1\org.jetbrains.intellij.deps\trove4j\1.0.20200330\3afb14d5f9ceb459d724e907a21145e8ff394f02\trove4j-1.0.20200330.jar;C:\Users\kayrat\.gradle\caches\modules-2\files-2.1\net.java.dev.jna\jna\5.6.0\330f2244e9030119ab3030fc3fededc86713d9cc\jna-5.6.0.jar;C:\Users\kayrat\.gradle\caches\modules-2\files-2.1\org.jetbrains.kotlin\kotlin-stdlib-common\1.8.0\f7197e7cc76453ac59f8b0f8d5137cc600becd36\kotlin-stdlib-common-1.8.0.jar;C:\Users\kayrat\.gradle\caches\modules-2\files-2.1\org.jetbrains\annotations\13.0\919f0dfe192fb4e063e7dacadee7f8bb9a2672a9\annotations-13.0.jar
Launcher Type: SUN_STANDARD

[Global flags]
     intx CICompilerCount                          = 4                                         {product} {ergonomic}
     uint ConcGCThreads                            = 3                                         {product} {ergonomic}
     uint G1ConcRefinementThreads                  = 10                                        {product} {ergonomic}
   size_t G1HeapRegionSize                         = 1048576                                   {product} {ergonomic}
    uintx GCDrainStackTargetSize                   = 64                                        {product} {ergonomic}
   size_t InitialHeapSize                          = 123731968                                 {product} {ergonomic}
   size_t MarkStackSize                            = 4194304                                   {product} {ergonomic}
   size_t MaxHeapSize                              = 1973420032                                {product} {ergonomic}
   size_t MaxNewSize                               = 1183842304                                {product} {ergonomic}
   size_t MinHeapDeltaBytes                        = 1048576                                   {product} {ergonomic}
   size_t MinHeapSize                              = 8388608                                   {product} {ergonomic}
    uintx NonNMethodCodeHeapSize                   = 5839372                                {pd product} {ergonomic}
    uintx NonProfiledCodeHeapSize                  = 122909434                              {pd product} {ergonomic}
    uintx ProfiledCodeHeapSize                     = 122909434                              {pd product} {ergonomic}
    uintx ReservedCodeCacheSize                    = 251658240                              {pd product} {ergonomic}
     bool SegmentedCodeCache                       = true                                      {product} {ergonomic}
   size_t SoftMaxHeapSize                          = 1973420032                             {manageable} {ergonomic}
     bool UseCompressedClassPointers               = true                           {product lp64_product} {ergonomic}
     bool UseCompressedOops                        = true                           {product lp64_product} {ergonomic}
     bool UseG1GC                                  = true                                      {product} {ergonomic}
     bool UseLargePagesIndividualAllocation        = false                                  {pd product} {ergonomic}

Logging:
Log output configuration:
 #0: stdout all=warning uptime,level,tags
 #1: stderr all=off uptime,level,tags

Environment Variables:
JAVA_HOME=C:\Program Files\Java\jdk-19
PATH=C:\Program Files\Common Files\Oracle\Java\javapath;C:\Windows\system32;C:\Windows;C:\Windows\System32\Wbem;C:\Windows\System32\WindowsPowerShell\v1.0\;C:\Windows\System32\OpenSSH\;C:\Program Files\Git\cmd;C:\Users\kayrat\AppData\Local\Android\Sdk\platform-tools;C:\Users\kayrat\AppData\Local\Microsoft\WindowsApps;C:\Users\kayrat\AppData\Local\JetBrains\Toolbox\scripts;;C:\Users\kayrat\AppData\Local\Programs\Microsoft VS Code\bin
USERNAME=kayrat
OS=Windows_NT
PROCESSOR_IDENTIFIER=AMD64 Family 23 Model 104 Stepping 1, AuthenticAMD
TMP=C:\Users\kayrat\AppData\Local\Temp
TEMP=C:\Users\kayrat\AppData\Local\Temp



---------------  S Y S T E M  ---------------

OS:
 Windows 11 , 64 bit Build 22621 (10.0.22621.1778)
OS uptime: 0 days 5:26 hours

CPU: total 12 (initial active 12) (12 cores per cpu, 2 threads per core) family 23 model 104 stepping 1 microcode 0x0, cx8, cmov, fxsr, ht, mmx, 3dnowpref, sse, sse2, sse3, ssse3, sse4a, sse4.1, sse4.2, popcnt, lzcnt, tsc, tscinvbit, avx, avx2, aes, clmul, bmi1, bmi2, adx, sha, fma, vzeroupper, clflush, clflushopt

Memory: 4k page, system-wide physical 7525M (281M free)
TotalPageFile size 15717M (AvailPageFile size 3M)
current process WorkingSet (physical memory assigned to process): 201M, peak: 201M
current process commit charge ("private bytes"): 243M, peak: 243M

vm_info: OpenJDK 64-Bit Server VM (17.0.6+0-b2043.56-9586694) for windows-amd64 JRE (17.0.6+0-b2043.56-9586694), built on Feb  9 2023 20:06:20 by "androidbuild" with MS VC++ 16.10 / 16.11 (VS2019)

END.
